<?xml version="1.0" encoding="UTF-8"?>
<robot generator="Robot 6.1.1 (Python 3.9.9 on win32)" generated="20231231 11:09:12.885" rpa="false" schemaversion="4">
<suite id="s1" name="Walkdog-Robot" source="C:\QAx\projects\walkdog-robot">
<suite id="s1-s1" name="Signup" source="C:\QAx\projects\walkdog-robot\signup.robot">
<test id="s1-s1-t1" name="Deve poder cadastrar um novo dog walker" line="7">
<kw name="New Browser" library="Browser">
<arg>browser=chromium</arg>
<arg>headless=False</arg>
<tag>BrowserControl</tag>
<tag>Setter</tag>
<doc>Create a new playwright Browser with specified options.</doc>
<msg timestamp="20231231 11:09:13.623" level="INFO">{"browser": "chromium", "headless": false, "chromiumSandbox": false, "devtools": false, "handleSIGHUP": true, "handleSIGINT": true, "handleSIGTERM": true, "slowMo": 0.0, "timeout": 30000.0, "tracesDir": "C:\\QAx\\projects\\walkdog-robot\\results\\browser\\traces\\39cbff78-31c2-4ac9-a4db-e968c7b5fe3d"}</msg>
<msg timestamp="20231231 11:09:14.076" level="INFO">Successfully created browser with options: {"browser":"chromium","headless":false,"chromiumSandbox":false,"devtools":false,"handleSIGHUP":true,"handleSIGINT":true,"handleSIGTERM":true,"slowMo":0,"timeout":30000,"tracesDir":"C:\\QAx\\projects\\walkdog-robot\\results\\browser\\traces\\39cbff78-31c2-4ac9-a4db-e968c7b5fe3d"}</msg>
<status status="PASS" starttime="20231231 11:09:13.623" endtime="20231231 11:09:14.076"/>
</kw>
<kw name="New Page" library="Browser">
<arg>https://walkdog.vercel.app/signup</arg>
<tag>BrowserControl</tag>
<tag>Setter</tag>
<doc>Open a new Page.</doc>
<msg timestamp="20231231 11:09:14.887" level="INFO">Successfully initialized new page object and opened url: https://walkdog.vercel.app/signup</msg>
<msg timestamp="20231231 11:09:14.887" level="INFO">No context was open. New context was automatically opened when this page is created.</msg>
<status status="PASS" starttime="20231231 11:09:14.076" endtime="20231231 11:09:14.888"/>
</kw>
<kw name="Wait For Elements State" library="Browser">
<arg>form h1</arg>
<arg>visible</arg>
<arg>5000</arg>
<tag>PageContent</tag>
<tag>Wait</tag>
<doc>Waits for the element found by ``selector`` to satisfy state option.</doc>
<msg timestamp="20231231 11:09:14.932" level="INFO">Waited for Element with selector form h1 at state visible</msg>
<status status="PASS" starttime="20231231 11:09:14.888" endtime="20231231 11:09:14.933"/>
</kw>
<kw name="Get Text" library="Browser">
<arg>form h1</arg>
<arg>equal</arg>
<arg>Faça seu cadastro</arg>
<tag>Assertion</tag>
<tag>Getter</tag>
<tag>PageContent</tag>
<doc>Returns text attribute of the element found by ``selector``.</doc>
<msg timestamp="20231231 11:09:14.964" level="INFO">Text: 'Faça seu cadastro'</msg>
<status status="PASS" starttime="20231231 11:09:14.934" endtime="20231231 11:09:14.964"/>
</kw>
<kw name="Sleep" library="BuiltIn">
<arg>10</arg>
<doc>Pauses the test executed for the given time.</doc>
<msg timestamp="20231231 11:09:24.974" level="INFO">Slept 10 seconds</msg>
<status status="PASS" starttime="20231231 11:09:14.964" endtime="20231231 11:09:24.974"/>
</kw>
<status status="PASS" starttime="20231231 11:09:13.606" endtime="20231231 11:09:24.974"/>
</test>
<doc>Suite de testes de cadastro de dog walker</doc>
<status status="PASS" starttime="20231231 11:09:12.914" endtime="20231231 11:09:25.059"/>
</suite>
<status status="PASS" starttime="20231231 11:09:12.890" endtime="20231231 11:09:25.077"/>
</suite>
<statistics>
<total>
<stat pass="1" fail="0" skip="0">All Tests</stat>
</total>
<tag>
</tag>
<suite>
<stat pass="1" fail="0" skip="0" id="s1" name="Walkdog-Robot">Walkdog-Robot</stat>
<stat pass="1" fail="0" skip="0" id="s1-s1" name="Signup">Walkdog-Robot.Signup</stat>
</suite>
</statistics>
<errors>
</errors>
</robot>
